[      54ms] [INFO] %cDownload the React DevTools for a better development experience: https://react.dev/link/react-devtools font-weight:bold @ http://localhost:5173/node_modules/.vite/deps/react-dom_client.js?v=0a5a1f37:14337
[   24131ms] [ERROR] In HTML, %s cannot be a descendant of <%s>.
This will cause a hydration error.%s <button> button 

  ...
    <AppLayout>
      <div className="flex h-scr...">
        <aside>
        <main className="flex-1 ove...">
          <Outlet>
            <RenderedRoute match={{params:{}, ...}} routeContext={{outlet:null, ...}}>
              <AgentsPage>
                <div className="h-full ove...">
                  <div className="mx-auto ma...">
                    <div>
                    <div className="space-y-3">
                      <_c className="overflow-h...">
                        <div ref={null} className="rounded-lg...">
>                         <button
>                           className="w-full flex items-center gap-4 p-4 text-left hover:bg-accent/30 transition-colors"
>                           onClick={function onClick}
>                         >
                            <ChevronRight>
                            <Bot>
                            <span>
                            <Badge>
                            <div>
                            <Badge>
                            <_c variant="ghost" size="sm" className="ml-auto sh..." onClick={function onClick}>
>                             <button
>                               className={"inline-flex items-center justify-center gap-2 whitespace-nowrap text-sm f..."}
>                               ref={null}
>                               onClick={function onClick}
>                             >
                      ...
                    ...
 @ http://localhost:5173/@vite/client:524
[   24131ms] [ERROR] <%s> cannot contain a nested %s.
See this log for the ancestor stack trace. button <button> @ http://localhost:5173/@vite/client:524
